
2008-10-30 17:23:43 wir sind in aAvailableModules Line 651,mode=mod START OK 
2008-10-30 17:23:43 wir sind in aAvailableModules Line 651,mode=core START OK 
2008-10-30 17:27:16 wir sind in aAvailableModules Line 651,mode=mod START OK 
2008-10-30 17:27:17 wir sind in aAvailableModules Line 651,mode=core START OK 
2008-10-30 17:28:06 wir sind in aAvailableModules Line 651,mode=mod START OK 
2008-10-30 17:28:06 wir sind in aAvailableModules Line 651,mode=core START OK 
2008-10-30 17:28:54 wir sind in aAvailableModules Line 651,mode=mod START OK 
2008-10-30 17:28:54 wir sind in aAvailableModules Line 651,mode=core START OK 
2008-10-30 17:31:11 wir sind in aAvailableModules Line 651,mode=mod START OK 
2008-10-30 17:31:11 wir sind in aAvailableModules Line 651,mode=core START OK 
2008-10-30 17:32:52 wir sind in aAvailableModules Line 651,mode=mod START OK 
2008-10-30 17:32:52 wir sind in aAvailableModules Line 651,mode=core START OK 
2008-10-30 17:34:48 wir sind in aAvailableModules Line 651,mode=mod START OK 
2008-10-30 17:34:48 wir sind in aAvailableModules Line 651,mode=core START OK 
2008-10-30 17:34:48 wir sind in sCreateSurvey Line 152, START OK 
2008-10-30 17:34:48 wir sind in sCreateSurvey Line 174,vor import OK 
2008-10-30 17:34:48 wir sind in importSurvey Line 163, OK 
2008-10-30 17:34:48 wir sind in importSurvey Line 167,the_full_file_path ='./studiply/Uebung.csv' OK 
2008-10-30 17:34:48 wir sind in importSurvey Line 891, OK 
2008-10-30 17:34:48 wir sind in importSurvey Line 1165, OK 
2008-10-30 17:34:48 wir sind in importSurvey Line 1179, OK 
2008-10-30 17:34:48 wir sind in importSurvey Line 1208, OK 
2008-10-30 17:34:48 wir sind in sCreateSurvey Line 179, nach import OK 