Arguments: 
  /opt/node/bin/node /opt/node/bin/yarn

PATH: 
  /usr/local/sbin:/usr/local/bin:/usr/sbin:/usr/bin:/sbin:/bin:/usr/games:/usr/local/games:/snap/bin:/home/markus/.composer/vendor/bin:/opt/node/bin:/home/markus/.composer/vendor/bin:/opt/node/bin

Yarn version: 
  1.3.2

Node version: 
  7.8.0

Platform: 
  linux x64

npm manifest: 
  {
  "devDependencies": {
      "babel-core": "^6.25.0",
      "babel-polyfill": "^6.26.0",
      "babel-preset-env": "^1.6.1",
      "eslint": "^4.0.0",
      "eslint-config-standard": "^10.2.1",
      "eslint-friendly-formatter": "^3.0.0",
      "eslint-loader": "^1.8.0",
      "eslint-plugin-html": "^3.0.0",
      "eslint-plugin-promise": "^3.5.0",
      "eslint-plugin-standard": "^3.0.1",
      "gulp": "^3.9.1",
      "gulp-autoprefixer": "^4.0.0",
      "gulp-babel": "^6.1.2",
      "gulp-concat": "^2.6.1",
      "gulp-eslint": "^4.0.0",
      "gulp-rename": "^1.2.2",
      "gulp-sourcemaps": "^2.6.0",
      "gulp-uglify": "^3.0.0",
      "pump": "^1.0.2",
      "run-sequence": "^2.0.0",
    },
    "dependencies": {
      "lodash": "^4.17.4",
    }}

yarn manifest: 
  No manifest

Lockfile: 
  No lockfile

Trace: 
  SyntaxError: /opt/web/LimeSurvey/assets/packages/questions/upload/package.json: Unexpected token } in JSON at position 661
      at JSON.parse (<anonymous>)
      at /opt/node/lib/node_modules/yarn/lib/cli.js:770:59
      at Generator.next (<anonymous>)
      at step (/opt/node/lib/node_modules/yarn/lib/cli.js:92:30)
      at /opt/node/lib/node_modules/yarn/lib/cli.js:103:13
